Build started 01/05/2012 1:03:40 PM.
     1>Project "C:\Projects\Tracker\Tracker\Tracker.vcxproj" on node 2 (build target(s)).
     1>InitializeBuildStatus:
         Creating "Debug\Tracker.unsuccessfulbuild" because "AlwaysCreate" was specified.
       CustomBuild:
         All outputs are up-to-date.
       ClCompile:
         c:\Program Files (x86)\Microsoft Visual Studio 10.0\VC\bin\CL.exe /c /I.\GeneratedFiles /IC:\Projects\Libraries\Qt\include /I.\GeneratedFiles\Debug /IC:\Projects\Libraries\Qt\include\QtCore /IC:\Projects\Libraries\Qt\include\QtGui /I.\ /Zi /nologo /W1 /WX- /Od /Oy- /D UNICODE /D WIN32 /D QT_LARGEFILE_SUPPORT /D QT_CORE_LIB /D QT_GUI_LIB /Gm- /EHsc /MDd /GS /fp:precise /Zc:wchar_t- /Zc:forScope /Fo"Debug\\" /Fd"Debug\vc100.pdb" /Gd /TP /analyze- /errorReport:prompt Tracker.cpp
         Tracker.cpp
         All outputs are up-to-date.
       Link:
         c:\Program Files (x86)\Microsoft Visual Studio 10.0\VC\bin\link.exe /ERRORREPORT:PROMPT /OUT:"C:\Projects\Tracker\\Tracker.exe" /NOLOGO /LIBPATH:C:\Projects\Libraries\Qt\lib qtmaind.lib QtCored4.lib QtGuid4.lib opencv_core231d.lib opencv_highgui231d.lib opencv_calib3d231d.lib opencv_contrib231d.lib opencv_features2d231d.lib opencv_flann231d.lib opencv_gpu231d.lib opencv_haartraining_engined.lib opencv_imgproc231d.lib opencv_legacy231d.lib opencv_ml231d.lib opencv_objdetect231d.lib opencv_ts231d.lib opencv_video231d.lib kernel32.lib user32.lib gdi32.lib winspool.lib comdlg32.lib advapi32.lib shell32.lib ole32.lib oleaut32.lib uuid.lib odbc32.lib odbccp32.lib /MANIFEST /ManifestFile:"Debug\Tracker.exe.intermediate.manifest" /MANIFESTUAC:"level='asInvoker' uiAccess='false'" /DEBUG /PDB:"C:\Projects\Tracker\Tracker.pdb" /SUBSYSTEM:WINDOWS /TLBID:1 /DYNAMICBASE /NXCOMPAT /IMPLIB:"C:\Projects\Tracker\Tracker.lib" /MACHINE:X86 Debug\DummyTracker.obj
         Debug\moc_Tracker.obj
         Debug\qrc_Tracker.obj
         Debug\main.obj
         Debug\Tracker.obj
         LINK : C:\Projects\Tracker\\Tracker.exe not found or not built by the last incremental link; performing full link
         Tracker.vcxproj -> C:\Projects\Tracker\Tracker.exe
       Manifest:
         c:\Program Files (x86)\Microsoft SDKs\Windows\v7.0A\bin\mt.exe /nologo /verbose /outputresource:"C:\Projects\Tracker\\Tracker.exe;#1" /manifest Debug\Tracker.exe.intermediate.manifest
       FinalizeBuildStatus:
         Deleting file "Debug\Tracker.unsuccessfulbuild".
         Touching "Debug\Tracker.lastbuildstate".
     1>Done Building Project "C:\Projects\Tracker\Tracker\Tracker.vcxproj" (build target(s)).

Build succeeded.

Time Elapsed 00:00:01.83
