C:\PROJECTS\TRACKER\TRACKER.EXE
C:\PROJECTS\TRACKER\TRACKER.ILK
C:\PROJECTS\TRACKER\TRACKER.PDB
C:\Projects\Tracker\Tracker\Debug\cl.command.1.tlog
C:\Projects\Tracker\Tracker\Debug\CL.read.1.tlog
C:\Projects\Tracker\Tracker\Debug\CL.write.1.tlog
C:\Projects\Tracker\Tracker\Debug\custombuild.command.1.tlog
C:\Projects\Tracker\Tracker\Debug\custombuild.read.1.tlog
C:\Projects\Tracker\Tracker\Debug\custombuild.write.1.tlog
C:\Projects\Tracker\Tracker\Debug\link.command.1.tlog
C:\Projects\Tracker\Tracker\Debug\link.read.1.tlog
C:\Projects\Tracker\Tracker\Debug\link.write.1.tlog
C:\PROJECTS\TRACKER\TRACKER\DEBUG\MAIN.OBJ
C:\PROJECTS\TRACKER\TRACKER\DEBUG\MOC_TRACKER.OBJ
C:\Projects\Tracker\Tracker\Debug\mt.command.1.tlog
C:\Projects\Tracker\Tracker\Debug\mt.read.1.tlog
C:\Projects\Tracker\Tracker\Debug\mt.write.1.tlog
C:\PROJECTS\TRACKER\TRACKER\DEBUG\QRC_TRACKER.OBJ
C:\PROJECTS\TRACKER\TRACKER\DEBUG\TRACKER.EXE.INTERMEDIATE.MANIFEST
C:\PROJECTS\TRACKER\TRACKER\DEBUG\TRACKER.OBJ
C:\PROJECTS\TRACKER\TRACKER\DEBUG\VC100.PDB
C:\PROJECTS\TRACKER\TRACKER\GENERATEDFILES\DEBUG\MOC_TRACKER.CPP
C:\PROJECTS\TRACKER\TRACKER\GENERATEDFILES\QRC_TRACKER.CPP
C:\PROJECTS\TRACKER\TRACKER\GENERATEDFILES\UI_TRACKER.H
