Build started 12/06/2012 2:01:56 PM.
     1>Project "C:\Projects\Tracker\Tracker\Tracker.vcxproj" on node 2 (build target(s)).
     1>InitializeBuildStatus:
         Creating "C:\Projects\Tracker\\..\Builds\Tracker\Tracker\Debug\Tracker.unsuccessfulbuild" because "AlwaysCreate" was specified.
       CustomBuild:
         All outputs are up-to-date.
       ClCompile:
         c:\Program Files (x86)\Microsoft Visual Studio 10.0\VC\bin\CL.exe /c /I.\GeneratedFiles /IC:\Projects\Libraries\Qt\include /I.\GeneratedFiles\Debug /IC:\Projects\Libraries\Qt\include\QtCore /IC:\Projects\Libraries\Qt\include\QtGui /I.\ /IC:\Projects\Tracker\\.. /I"C:\Projects\Tracker\\..\Libraries\vxl-1.14.0\bin\vcl" /I"C:\Projects\Tracker\\..\Libraries\vxl-1.14.0\vcl" /I"C:\Projects\Tracker\\..\Libraries\vxl-1.14.0\bin\core" /I"C:\Projects\Tracker\\..\Libraries\vxl-1.14.0\core" /IC:\Projects\Tracker\\..\Libraries\OpenCV2.3.1\build\include /I"C:\Projects\Tracker\\..\Libraries\lemon-1.2.3" /I"C:\Projects\Tracker\\..\Libraries\lemon-1.2.3\vs2010" /Zi /nologo /W3 /WX- /Od /Oy- /D UNICODE /D WIN32 /D QT_LARGEFILE_SUPPORT /D QT_CORE_LIB /D QT_GUI_LIB /D WIN32 /D _CONSOLE /Gm- /EHsc /MDd /GS /fp:precise /Zc:wchar_t- /Zc:forScope /Fo"C:\Projects\Tracker\\..\Builds\Tracker\Tracker\Debug\\" /Fd"C:\Projects\Tracker\\..\Builds\Tracker\Tracker\Debug\vc100.pdb" /Gd /TP /analyze- /errorReport:prompt FragTrack.cpp GeneratedFiles\Debug\moc_Tracker.cpp Tracker.cpp main.cpp /D _CRT_SECURE_CPP_OVERLOAD_STANDARD_NAMES 
         /D _CRT_SECURE_NO_DEPRECATE
         /DCOMPILE_DBG_STATEMENTS 
         FragTrack.cpp
     1>FragTrack.cpp(457): warning C4244: '=' : conversion from 'double' to 'float', possible loss of data
     1>FragTrack.cpp(667): warning C4244: '=' : conversion from 'double' to 'float', possible loss of data
     1>FragTrack.cpp(699): warning C4244: 'initializing' : conversion from 'const double' to 'int', possible loss of data
     1>FragTrack.cpp(699): warning C4244: 'initializing' : conversion from 'const double' to 'int', possible loss of data
     1>FragTrack.cpp(700): warning C4244: 'initializing' : conversion from 'const double' to 'int', possible loss of data
     1>FragTrack.cpp(700): warning C4244: 'initializing' : conversion from 'const double' to 'int', possible loss of data
     1>FragTrack.cpp(701): warning C4244: 'initializing' : conversion from 'const double' to 'int', possible loss of data
     1>FragTrack.cpp(701): warning C4244: 'initializing' : conversion from 'const double' to 'int', possible loss of data
     1>FragTrack.cpp(701): warning C4244: 'initializing' : conversion from 'const double' to 'int', possible loss of data
     1>FragTrack.cpp(701): warning C4244: 'initializing' : conversion from 'const double' to 'int', possible loss of data
     1>FragTrack.cpp(702): warning C4244: 'initializing' : conversion from 'const double' to 'int', possible loss of data
     1>FragTrack.cpp(702): warning C4244: 'initializing' : conversion from 'const double' to 'int', possible loss of data
     1>FragTrack.cpp(702): warning C4244: 'initializing' : conversion from 'const double' to 'int', possible loss of data
     1>FragTrack.cpp(702): warning C4244: 'initializing' : conversion from 'const double' to 'int', possible loss of data
         moc_Tracker.cpp
         Tracker.cpp
         main.cpp
         Generating Code...
         All outputs are up-to-date.
       Link:
         c:\Program Files (x86)\Microsoft Visual Studio 10.0\VC\bin\link.exe /ERRORREPORT:PROMPT /OUT:"C:\Projects\Tracker\\Tracker.exe" /NOLOGO /LIBPATH:C:\Projects\Libraries\Qt\lib /LIBPATH:C:\Projects\Tracker\ /LIBPATH:C:\Projects\Tracker\\..\Libraries\OpenCV2.3.1\build\x86\vc10\lib /LIBPATH:C:\Projects\Tracker\\..\Libraries\OpenCV2.3.1\3rdparty\lib\Debug /LIBPATH:C:\Projects\Tracker\\..\Libraries\OpenCV2.3.1\build\common\tbb\ia32\vc10 /LIBPATH:"C:\Projects\Tracker\\..\Libraries\fltk-1.1.10\lib" /LIBPATH:"C:\Projects\Tracker\\..\Libraries\vxl-1.14.0\bin\lib\Debug" /LIBPATH:C:\Projects\Tracker\\..\Libraries\MySQLCCon\lib\opt /LIBPATH:"C:\Projects\Tracker\\..\Libraries\lemon-1.2.3\vs2010\lemon\Debug" /LIBPATH:C:\Projects\Tracker\\..\Libraries\boost_1_48_0\libs /LIBPATH:"C:\Program Files\Microsoft Platform SDK for Windows Server 2003 R2\Lib" qtmaind.lib QtCored4.lib QtGuid4.lib opencv_core231d.lib opencv_highgui231d.lib opencv_calib3d231d.lib opencv_contrib231d.lib opencv_features2d231d.lib opencv_flann231d.lib opencv_gpu231d.lib opencv_haartraining_engined.lib opencv_imgproc231d.lib opencv_legacy231d.lib opencv_ml231d.lib opencv_objdetect231d.lib opencv_ts231d.lib opencv_video231d.lib libmysql.lib mysqlclient.lib mysys.lib lemon.lib Vfw32.lib fltkgl.lib fltk.lib opencv_core231.lib opencv_flann231.lib opencv_imgproc231.lib opencv_highgui231.lib opencv_ml231.lib opencv_video231.lib opencv_objdetect231.lib opencv_features2d231.lib opencv_calib3d231.lib opencv_legacy231.lib opencv_contrib231.lib vsl.lib vgl.lib vbl_io.lib v3p_netlib.lib vnl_algo.lib vnl_io.lib vil_algo.lib vul_io.lib mpeg2.lib vo.lib vbl.lib vul.lib vnl.lib geotiff.lib vil.lib vcl.lib jpeg.lib tiff.lib png.lib z.lib opengl32.lib glu32.lib wsock32.lib comctl32.lib kernel32.lib user32.lib gdi32.lib winspool.lib comdlg32.lib advapi32.lib shell32.lib ole32.lib oleaut32.lib uuid.lib odbc32.lib odbccp32.lib /MANIFEST /ManifestFile:"C:\Projects\Tracker\\..\Builds\Tracker\Tracker\Debug\Tracker.exe.intermediate.manifest" /MANIFESTUAC:"level='asInvoker' uiAccess='false'" /DEBUG /PDB:"C:\Projects\Tracker\Tracker.pdb" /SUBSYSTEM:WINDOWS /TLBID:1 /DYNAMICBASE /NXCOMPAT /IMPLIB:"C:\Projects\Tracker\Tracker.lib" /MACHINE:X86 C:\Projects\Tracker\\..\Builds\Tracker\Tracker\Debug\Detector.obj
         C:\Projects\Tracker\\..\Builds\Tracker\Tracker\Debug\DummyTracker.obj
         C:\Projects\Tracker\\..\Builds\Tracker\Tracker\Debug\FaceTemplate.obj
         C:\Projects\Tracker\\..\Builds\Tracker\Tracker\Debug\FragTrack.obj
         C:\Projects\Tracker\\..\Builds\Tracker\Tracker\Debug\moc_Tracker.obj
         C:\Projects\Tracker\\..\Builds\Tracker\Tracker\Debug\qrc_Tracker.obj
         C:\Projects\Tracker\\..\Builds\Tracker\Tracker\Debug\main.obj
         C:\Projects\Tracker\\..\Builds\Tracker\Tracker\Debug\Tracker.obj
         Tracker.vcxproj -> C:\Projects\Tracker\Tracker.exe
       Manifest:
         c:\Program Files (x86)\Microsoft SDKs\Windows\v7.0A\bin\mt.exe /nologo /verbose /outputresource:"C:\Projects\Tracker\\Tracker.exe;#1" /manifest C:\Projects\Tracker\\..\Builds\Tracker\Tracker\Debug\Tracker.exe.intermediate.manifest
       FinalizeBuildStatus:
         Deleting file "C:\Projects\Tracker\\..\Builds\Tracker\Tracker\Debug\Tracker.unsuccessfulbuild".
         Touching "C:\Projects\Tracker\\..\Builds\Tracker\Tracker\Debug\Tracker.lastbuildstate".
     1>Done Building Project "C:\Projects\Tracker\Tracker\Tracker.vcxproj" (build target(s)).

Build succeeded.

Time Elapsed 00:00:06.41
